[09/11/2025 13:29:15] ::1 - GET /index.html
[09/11/2025 13:30:05] ::1 - GET /index.html
[09/11/2025 13:30:58] ::1 - GET /_con.png
[09/11/2025 13:45:51] ::1 - GET /index.html
[09/11/2025 13:45:51] ::1 - GET /index.html - Body: Query: download=gzip
[09/11/2025 13:45:51] ::1 - GET /index.html - Body: Archivo no encontrado
[09/11/2025 13:45:51] ::1 - GET /style.css
[09/11/2025 13:45:51] ::1 - GET /favicon.ico
[09/11/2025 13:45:51] ::1 - GET /favicon.ico - Body: Archivo no encontrado
[09/11/2025 13:46:01] ::1 - GET /index.html
[09/11/2025 13:46:01] ::1 - GET /index.html - Body: Query: download=gzip
[09/11/2025 13:46:01] ::1 - GET /index.html - Body: Archivo no encontrado
[09/11/2025 13:46:01] ::1 - GET /style.css
[09/11/2025 13:46:28] ::1 - GET /index.html
[09/11/2025 13:46:28] ::1 - GET /style.css
[09/11/2025 13:46:28] ::1 - GET /_con.png
[09/11/2025 13:48:21] ::1 - GET /index.html
[09/11/2025 13:48:21] ::1 - GET /style.css
[09/11/2025 13:48:21] ::1 - GET /_con.png
[09/11/2025 13:48:22] ::1 - GET /index.html
[09/11/2025 13:48:22] ::1 - GET /index.html - Body: Query: download=gzip
[09/11/2025 13:48:22] ::1 - GET /index.html - Body: Archivo no encontrado
[09/11/2025 13:48:28] ::1 - GET /index.html
[09/11/2025 13:48:28] ::1 - GET /index.html - Body: Query: download=gzip
[09/11/2025 13:48:28] ::1 - GET /index.html - Body: Archivo no encontrado
[09/11/2025 13:48:31] ::1 - GET /index.html
[09/11/2025 13:48:31] ::1 - GET /index.html - Body: Query: download=gzip
[09/11/2025 13:48:31] ::1 - GET /index.html - Body: Archivo no encontrado
[09/11/2025 13:50:40] ::1 - GET /index.html
[09/11/2025 13:50:40] ::1 - GET /style.css
[09/11/2025 13:50:40] ::1 - GET /_con.png
[09/11/2025 13:50:41] ::1 - GET /index.html
[09/11/2025 13:50:41] ::1 - GET /index.html - Body: Query: download=gzip
[09/11/2025 13:50:41] ::1 - GET /index.html - Body: Archivo no encontrado
[09/11/2025 13:50:41] ::1 - GET /index.html
[09/11/2025 13:50:41] ::1 - GET /index.html - Body: Query: download=gzip
[09/11/2025 13:50:41] ::1 - GET /index.html - Body: Archivo no encontrado
[09/11/2025 13:51:11] ::1 - GET /index.html
[09/11/2025 13:51:11] ::1 - GET /style.css
[09/11/2025 13:51:11] ::1 - GET /_con.png
[09/11/2025 13:51:12] ::1 - GET /index.html
[09/11/2025 13:51:12] ::1 - GET /index.html - Body: Query: download=gzip
[09/11/2025 13:51:12] ::1 - GET /index.html - Body: Archivo no encontrado
[09/11/2025 13:51:13] ::1 - GET /index.html
[09/11/2025 13:51:13] ::1 - GET /index.html - Body: Query: download=gzip
[09/11/2025 13:51:13] ::1 - GET /index.html - Body: Archivo no encontrado
[09/11/2025 13:51:48] ::1 - GET /index.html
[09/11/2025 13:51:48] ::1 - GET /index.html - Body: Query: download=gzip
[09/11/2025 13:51:48] ::1 - GET /index.html - Body: Archivo no encontrado
[09/11/2025 13:57:30] ::1 - GET /index.html
[09/11/2025 13:57:30] ::1 - GET /index.html - Body: Query: download=gzip
[09/11/2025 13:57:30] ::1 - GET /index.html - Body: Archivo no encontrado
[09/11/2025 13:57:32] ::1 - GET /index.html
[09/11/2025 13:57:32] ::1 - GET /index.html - Body: Query: download=gzip
[09/11/2025 13:57:32] ::1 - GET /index.html - Body: Archivo no encontrado
[09/11/2025 13:57:33] ::1 - GET /index.html
[09/11/2025 13:57:33] ::1 - GET /index.html - Body: Query: download=gzip
[09/11/2025 13:57:33] ::1 - GET /index.html - Body: Archivo no encontrado
[09/11/2025 13:57:48] ::1 - GET /index.html
[09/11/2025 13:57:48] ::1 - GET /style.css
[09/11/2025 13:57:48] ::1 - GET /_con.png
[09/11/2025 13:57:50] ::1 - GET /index.html
[09/11/2025 13:57:50] ::1 - GET /index.html - Body: Query: download=gzip
[09/11/2025 14:02:13] ::1 - GET /index.html
[09/11/2025 14:02:13] ::1 - GET /index.html - Body: Query: download=gzip
[09/11/2025 14:07:23] ::1 - GET /index.html
[09/11/2025 14:07:23] ::1 - GET /index.html - Body: Query: download=gzip
[09/11/2025 14:07:36] ::1 - GET /index.html
[09/11/2025 14:07:36] ::1 - GET /index.html - Body: Query: download=gzip
[09/11/2025 14:12:59] ::1 - GET /index.html
[09/11/2025 14:12:59] ::1 - GET /index.html - Body: Query: download=zip
[09/11/2025 14:12:59] ::1 - GET /style.css
[09/11/2025 14:12:59] ::1 - GET /_con.png
[09/11/2025 14:13:09] ::1 - GET /index.html
[09/11/2025 14:13:09] ::1 - GET /index.html - Body: Query: download=zip
[09/11/2025 14:13:09] ::1 - GET /style.css
[09/11/2025 14:13:09] ::1 - GET /_con.png
[09/11/2025 14:13:43] ::1 - GET /index.html
[09/11/2025 14:13:43] ::1 - GET /index.html - Body: Query: download=gzip
[09/11/2025 14:15:23] ::1 - GET /index.html
[09/11/2025 14:15:23] ::1 - GET /style.css
[09/11/2025 14:15:23] ::1 - GET /_con.png
[09/11/2025 14:15:25] ::1 - GET /index.html
[09/11/2025 14:15:25] ::1 - GET /index.html - Body: Query: download=zip
[09/11/2025 14:15:25] ::1 - GET /style.css
[09/11/2025 14:15:25] ::1 - GET /_con.png
[09/11/2025 14:15:26] ::1 - GET /index.html
[09/11/2025 14:15:26] ::1 - GET /index.html - Body: Query: download=zip
[09/11/2025 14:15:26] ::1 - GET /style.css
[09/11/2025 14:15:26] ::1 - GET /_con.png
[09/11/2025 14:15:27] ::1 - GET /index.html
[09/11/2025 14:15:27] ::1 - GET /index.html - Body: Query: download=zip
[09/11/2025 14:15:27] ::1 - GET /style.css
[09/11/2025 14:15:27] ::1 - GET /_con.png
[09/11/2025 14:17:00] ::1 - GET /index.html
[09/11/2025 14:17:00] ::1 - GET /index.html - Body: Query: download=zip
[09/11/2025 14:17:00] ::1 - GET /style.css
[09/11/2025 14:17:00] ::1 - GET /_con.png
[09/11/2025 14:17:01] ::1 - GET /index.html
[09/11/2025 14:17:01] ::1 - GET /index.html - Body: Query: download=sitezip
[09/11/2025 14:17:01] ::1 - GET /style.css
[09/11/2025 14:17:01] ::1 - GET /_con.png
[09/11/2025 14:17:01] ::1 - GET /index.html
[09/11/2025 14:17:01] ::1 - GET /index.html - Body: Query: download=sitezip
[09/11/2025 14:17:01] ::1 - GET /style.css
[09/11/2025 14:17:01] ::1 - GET /_con.png
[09/11/2025 14:17:40] ::1 - GET /index.html
[09/11/2025 14:17:40] ::1 - GET /index.html - Body: Query: download=sitezip
[09/11/2025 14:17:40] ::1 - GET /style.css
[09/11/2025 14:17:40] ::1 - GET /_con.png
[09/11/2025 14:17:42] ::1 - GET /style.css
[09/11/2025 14:17:42] ::1 - GET /.well-known/appspecific/com.chrome.devtools.json
[09/11/2025 14:17:42] ::1 - GET /.well-known/appspecific/com.chrome.devtools.json - Body: Archivo no encontrado
[09/11/2025 14:17:48] ::1 - GET /index.html
[09/11/2025 14:17:48] ::1 - GET /index.html - Body: Query: download=sitezip
[09/11/2025 14:17:48] ::1 - GET /.well-known/appspecific/com.chrome.devtools.json
[09/11/2025 14:17:48] ::1 - GET /.well-known/appspecific/com.chrome.devtools.json - Body: Archivo no encontrado
[09/11/2025 14:17:48] ::1 - GET /style.css
[09/11/2025 14:17:48] ::1 - GET /_con.png
[09/11/2025 14:17:49] ::1 - GET /index.html
[09/11/2025 14:17:49] ::1 - GET /index.html - Body: Query: download=sitezip
[09/11/2025 14:17:49] ::1 - GET /.well-known/appspecific/com.chrome.devtools.json
[09/11/2025 14:17:49] ::1 - GET /.well-known/appspecific/com.chrome.devtools.json - Body: Archivo no encontrado
[09/11/2025 14:17:49] ::1 - GET /style.css
[09/11/2025 14:17:49] ::1 - GET /_con.png
[09/11/2025 14:17:50] ::1 - GET /index.html
[09/11/2025 14:17:50] ::1 - GET /index.html - Body: Query: download=sitezip
[09/11/2025 14:17:50] ::1 - GET /.well-known/appspecific/com.chrome.devtools.json
[09/11/2025 14:17:50] ::1 - GET /.well-known/appspecific/com.chrome.devtools.json - Body: Archivo no encontrado
[09/11/2025 14:17:50] ::1 - GET /style.css
[09/11/2025 14:17:50] ::1 - GET /_con.png
[09/11/2025 14:17:57] ::1 - GET /index.html
[09/11/2025 14:17:57] ::1 - GET /index.html - Body: Query: download=sitezip
[09/11/2025 14:17:57] ::1 - GET /.well-known/appspecific/com.chrome.devtools.json
[09/11/2025 14:17:57] ::1 - GET /.well-known/appspecific/com.chrome.devtools.json - Body: Archivo no encontrado
[09/11/2025 14:17:57] ::1 - GET /style.css
[09/11/2025 14:17:57] ::1 - GET /_con.png
[09/11/2025 14:22:53] ::1 - GET /index.html
[09/11/2025 14:22:53] ::1 - GET /index.html - Body: Query: download=sitezip
[09/11/2025 14:22:53] ::1 - GET /.well-known/appspecific/com.chrome.devtools.json
[09/11/2025 14:22:53] ::1 - GET /.well-known/appspecific/com.chrome.devtools.json - Body: Archivo no encontrado
[09/11/2025 14:22:53] ::1 - GET /style.css
[09/11/2025 14:22:54] ::1 - GET /_con.png
[09/11/2025 14:22:55] ::1 - GET /index.html
[09/11/2025 14:22:55] ::1 - GET /index.html - Body: Query: download=sitezip
[09/11/2025 14:22:55] ::1 - GET /.well-known/appspecific/com.chrome.devtools.json
[09/11/2025 14:22:55] ::1 - GET /.well-known/appspecific/com.chrome.devtools.json - Body: Archivo no encontrado
[09/11/2025 14:22:55] ::1 - GET /style.css
[09/11/2025 14:22:55] ::1 - GET /_con.png
[09/11/2025 14:22:59] ::1 - GET /index.html
[09/11/2025 14:22:59] ::1 - GET /index.html - Body: Query: download=sitezip
[09/11/2025 14:22:59] ::1 - GET /style.css
[09/11/2025 14:22:59] ::1 - GET /_con.png
[09/11/2025 14:22:59] ::1 - GET /index.html
[09/11/2025 14:22:59] ::1 - GET /index.html - Body: Query: download=sitezip
[09/11/2025 14:22:59] ::1 - GET /style.css
[09/11/2025 14:22:59] ::1 - GET /_con.png
[09/11/2025 14:23:31] ::1 - GET /index.html
[09/11/2025 14:23:31] ::1 - GET /index.html - Body: Query: download=sitezip
[09/11/2025 14:23:31] ::1 - GET /style.css
[09/11/2025 14:23:31] ::1 - GET /_con.png
[09/11/2025 14:25:39] ::1 - GET /index.html
[09/11/2025 14:25:39] ::1 - GET /index.html - Body: Query: download=sitezip
[09/11/2025 14:25:39] ::1 - GET /style.css
[09/11/2025 14:25:39] ::1 - GET /_con.png
[09/11/2025 14:25:40] ::1 - GET /index.html
[09/11/2025 14:25:40] ::1 - GET /index.html - Body: Query: download=sitezip
[09/11/2025 14:25:40] ::1 - GET /style.css
[09/11/2025 14:25:40] ::1 - GET /_con.png
[09/11/2025 14:26:24] ::1 - GET /index.html
[09/11/2025 14:26:24] ::1 - GET /index.html - Body: Query: download=sitezip
[09/11/2025 14:26:24] ::1 - GET /style.css
[09/11/2025 14:26:24] ::1 - GET /_con.png
[09/11/2025 14:26:49] ::1 - GET /index.html
[09/11/2025 14:26:49] ::1 - GET /style.css
[09/11/2025 14:26:49] ::1 - GET /_con.png
[09/11/2025 14:27:06] ::1 - GET /style.css
[09/11/2025 14:27:06] ::1 - GET /.well-known/appspecific/com.chrome.devtools.json
[09/11/2025 14:27:06] ::1 - GET /.well-known/appspecific/com.chrome.devtools.json - Body: Archivo no encontrado
[09/11/2025 14:29:42] ::1 - GET /index.html
[09/11/2025 14:29:42] ::1 - GET /.well-known/appspecific/com.chrome.devtools.json
[09/11/2025 14:29:42] ::1 - GET /.well-known/appspecific/com.chrome.devtools.json - Body: Archivo no encontrado
[09/11/2025 14:29:42] ::1 - GET /style.css
[09/11/2025 14:29:42] ::1 - GET /_con.png
[09/11/2025 14:29:56] ::1 - GET /index.html
[09/11/2025 14:29:56] ::1 - GET /style.css
[09/11/2025 14:29:56] ::1 - GET /_con.png
[09/11/2025 14:30:32] ::1 - GET /index.html
[09/11/2025 14:30:32] ::1 - GET /index.html - Body: Query: download=sitezip
[09/11/2025 14:32:06] ::1 - GET /index.html
[09/11/2025 14:32:06] ::1 - GET /style.css
[09/11/2025 14:32:06] ::1 - GET /_con.png
[09/11/2025 14:32:07] ::1 - GET /index.html
[09/11/2025 14:32:07] ::1 - GET /index.html - Body: Query: download=sitezip
[09/11/2025 14:38:44] ::1 - GET /index.html
[09/11/2025 14:38:44] ::1 - GET /style.css
[09/11/2025 14:38:44] ::1 - GET /_con.png
[09/11/2025 14:38:50] ::1 - GET /index.html
[09/11/2025 14:38:50] ::1 - GET /index.html - Body: Query: download=sitezip
[09/11/2025 14:38:54] ::1 - GET /index.html
[09/11/2025 14:38:54] ::1 - GET /index.html - Body: Query: download=zip
[09/11/2025 14:38:54] ::1 - GET /style.css
[09/11/2025 14:38:54] ::1 - GET /_con.png
[09/11/2025 14:38:56] ::1 - GET /index.html
[09/11/2025 14:38:56] ::1 - GET /index.html - Body: Query: download=zip
[09/11/2025 14:38:56] ::1 - GET /style.css
[09/11/2025 14:38:56] ::1 - GET /_con.png
[09/11/2025 14:38:57] ::1 - GET /index.html
[09/11/2025 14:38:57] ::1 - GET /index.html - Body: Query: download=zip
[09/11/2025 14:38:57] ::1 - GET /style.css
[09/11/2025 14:38:57] ::1 - GET /_con.png
[09/11/2025 14:38:58] ::1 - GET /index.html
[09/11/2025 14:38:58] ::1 - GET /index.html - Body: Query: download=zip
[09/11/2025 14:38:58] ::1 - GET /style.css
[09/11/2025 14:38:58] ::1 - GET /_con.png
[09/11/2025 14:38:58] ::1 - GET /index.html
[09/11/2025 14:38:58] ::1 - GET /index.html - Body: Query: download=zip
[09/11/2025 14:38:58] ::1 - GET /style.css
[09/11/2025 14:38:58] ::1 - GET /_con.png
[09/11/2025 14:38:59] ::1 - GET /index.html
[09/11/2025 14:38:59] ::1 - GET /index.html - Body: Query: download=gzip
[09/11/2025 14:39:05] ::1 - GET /index.html
[09/11/2025 14:39:05] ::1 - GET /index.html - Body: Query: download=sitezip
[09/11/2025 14:39:39] ::1 - GET /index.html
[09/11/2025 14:39:39] ::1 - GET /index.html - Body: Query: download=gzip
[09/11/2025 14:39:42] ::1 - GET /index.html
[09/11/2025 14:39:42] ::1 - GET /index.html - Body: Query: download=zip
[09/11/2025 14:39:42] ::1 - GET /style.css
[09/11/2025 14:39:42] ::1 - GET /_con.png
[09/11/2025 14:39:45] ::1 - GET /index.html
[09/11/2025 14:39:45] ::1 - GET /index.html - Body: Query: download=sitezip
[09/11/2025 14:39:48] ::1 - GET /index.html
[09/11/2025 14:39:48] ::1 - GET /index.html - Body: Query: download=gzip
[09/11/2025 14:39:50] ::1 - GET /index.html
[09/11/2025 14:39:50] ::1 - GET /index.html - Body: Query: download=sitezip
[09/11/2025 14:40:30] ::1 - GET /index.html
[09/11/2025 14:40:30] ::1 - GET /index.html - Body: Query: download=gzip
[09/11/2025 14:42:17] ::1 - GET /index.html
[09/11/2025 14:42:17] ::1 - GET /index.html - Body: Query: download=gzip
[09/11/2025 14:42:18] ::1 - GET /index.html
[09/11/2025 14:42:18] ::1 - GET /index.html - Body: Query: download=gzip
[09/11/2025 14:42:19] ::1 - GET /index.html
[09/11/2025 14:42:19] ::1 - GET /index.html - Body: Query: download=gzip
[09/11/2025 14:42:49] ::1 - GET /index.html
[09/11/2025 14:42:50] ::1 - GET /style.css
[09/11/2025 14:42:50] ::1 - GET /_con.png
[09/11/2025 14:42:51] ::1 - GET /index.html
[09/11/2025 14:42:51] ::1 - GET /index.html - Body: Query: download=gzip
[09/11/2025 14:42:54] ::1 - GET /index.html
[09/11/2025 14:42:54] ::1 - GET /index.html - Body: Query: download=sitezip
[09/11/2025 14:47:50] ::1 - GET /archivo.html
[09/11/2025 14:47:50] ::1 - GET /archivo.html - Body: Query: download=zip
[09/11/2025 14:47:50] ::1 - GET /archivo.html - Body: Archivo no encontrado
[09/11/2025 14:47:50] ::1 - GET /style.css
[09/11/2025 14:48:00] ::1 - GET /index.html
[09/11/2025 14:48:00] ::1 - GET /index.html - Body: Query: download=sitezip
[09/11/2025 14:48:03] ::1 - GET /archivo.html
[09/11/2025 14:48:03] ::1 - GET /archivo.html - Body: Query: download=gzip
[09/11/2025 14:48:03] ::1 - GET /archivo.html - Body: Archivo no encontrado
[09/11/2025 14:48:03] ::1 - GET /style.css
[09/11/2025 14:48:17] ::1 - GET /archivo.html
[09/11/2025 14:48:17] ::1 - GET /archivo.html - Body: Query: download=gzip
[09/11/2025 14:48:17] ::1 - GET /archivo.html - Body: Archivo no encontrado
[09/11/2025 14:48:17] ::1 - GET /style.css
[09/11/2025 14:48:20] ::1 - GET /index.html
[09/11/2025 14:48:20] ::1 - GET /index.html - Body: Query: download=gzip
[09/11/2025 14:50:41] ::1 - GET /index.html
[09/11/2025 14:50:41] ::1 - GET /index.html - Body: Query: download=gzip
[09/11/2025 14:50:45] ::1 - GET /index.html
[09/11/2025 14:50:45] ::1 - GET /index.html - Body: Query: download=gzip
[09/11/2025 14:59:26] ::1 - GET /index.html
[09/11/2025 14:59:26] ::1 - GET /index.html - Body: Query: download=gzip
[09/11/2025 14:59:30] ::1 - GET /index.html
[09/11/2025 14:59:30] ::1 - GET /index.html - Body: Query: download=sitezip
[09/11/2025 14:59:56] ::1 - GET /gjgj
[09/11/2025 14:59:56] ::1 - GET /gjgj - Body: Archivo no encontrado
[09/11/2025 14:59:56] ::1 - GET /style.css
[09/11/2025 15:00:01] ::1 - GET /index.html
[09/11/2025 15:00:01] ::1 - GET /style.css
[09/11/2025 15:00:01] ::1 - GET /_con.png
[09/11/2025 15:05:09] ::1 - GET /index.html
[09/11/2025 15:05:10] ::1 - GET /style.css
[09/11/2025 15:05:10] ::1 - GET /_con.png
[09/11/2025 15:05:12] ::1 - GET /index.html
[09/11/2025 15:05:12] ::1 - GET /index.html - Body: Query: download=sitezip
